[debug] > Exec(early(addDefaultCommands), None, None)
[debug] > Exec(addDefaultCommands, None, None)
[debug] > Exec(early(initialize), None, None)
[debug] > Exec(initialize, None, None)
[debug] > Exec(boot, None, None)
[debug] > Exec(writeSbtVersion, None, None)
[debug] > Exec(reload, None, None)
[debug] > Exec(sbtStashOnFailure, None, None)
[debug] > Exec(onFailure loadFailed, None, None)
[debug] > Exec(loadp, None, None)
[info] welcome to sbt 1.6.2 (AdoptOpenJDK Java 1.8.0_292)
[debug]       Load.loadUnit: plugins took 254.335911ms
[debug]       Load.loadUnit: defsScala took 0.687085ms
[debug] [Loading] Scanning directory /Users/duyhoang/.sbt/1.0/plugins
[debug] [Loading] Found non-root projects 
[debug] [Loading] Done in /Users/duyhoang/.sbt/1.0/plugins, returning: ()
[debug] deducing auto plugins based on known facts Set(Atom(sbt.plugins.CorePlugin)) and clauses Clauses(Clause(Atom(sbt.plugins.JvmPlugin),Set(Atom(sbt.plugins.IvyPlugin)))
[debug] Clause(Atom(sbt.ScriptedPlugin),Set(Atom(sbt.plugins.JvmPlugin)))
[debug] Clause(Atom(sbt.plugins.SbtPlugin),Set(Atom(sbt.ScriptedPlugin)))
[debug] Clause(Atom(sbt.plugins.SemanticdbPlugin),Set(Atom(sbt.plugins.JvmPlugin)))
[debug] Clause(Atom(sbt.plugins.JUnitXmlReportPlugin),Set(Atom(sbt.plugins.JvmPlugin)))
[debug] Clause(Atom(sbt.plugins.MiniDependencyTreePlugin),Set(Atom(sbt.plugins.JvmPlugin)))
[debug] Clause(Atom(sbt.plugins.CorePlugin),Set(Atom(sbt.plugins.IvyPlugin)))
[debug] Clause(Atom(sbt.plugins.IvyPlugin),Set(Atom(sbt.plugins.JvmPlugin)))
[debug] Clause(Atom(sbt.plugins.JvmPlugin),Set(Atom(sbt.plugins.SemanticdbPlugin)))
[debug] Clause(Atom(sbt.plugins.JvmPlugin),Set(Atom(sbt.plugins.JUnitXmlReportPlugin)))
[debug] Clause(Atom(sbt.plugins.CorePlugin),Set(Atom(sbt.plugins.Giter8TemplatePlugin)))
[debug] Clause(Atom(sbt.plugins.JvmPlugin),Set(Atom(sbt.plugins.MiniDependencyTreePlugin))))
[debug]   :: deduced result: Matched(sbt.plugins.CorePlugin,sbt.plugins.Giter8TemplatePlugin,sbt.plugins.IvyPlugin,sbt.plugins.JvmPlugin,sbt.plugins.MiniDependencyTreePlugin,sbt.plugins.JUnitXmlReportPlugin,sbt.plugins.SemanticdbPlugin)
[debug] Plugins.deducer#function took 52.418585 ms
[debug]           Load.resolveProject(global-plugins) took 122.626918ms
[debug]         Load.loadTransitive: finalizeProject(Project(id global-plugins, base: /Users/duyhoang/.sbt/1.0/plugins, plugins: List(<none>))) took 240.451754ms
[debug] [Loading] Done in /Users/duyhoang/.sbt/1.0/plugins, returning: (global-plugins)
[debug]       Load.loadUnit: loadedProjectsRaw took 466.794968ms
[debug]       Load.loadUnit: cleanEvalClasses took 0.620693ms
[debug]     Load.loadUnit(file:/Users/duyhoang/.sbt/1.0/plugins/, ...) took 787.395307ms
[debug]   Load.apply: load took 6444.730639ms
[debug]   Load.apply: resolveProjects took 10.832363ms
[debug]   Load.apply: finalTransforms took 113.634562ms
[debug]   Load.apply: config.delegates took 11.006948ms
[debug]   Load.apply: Def.make(settings)... took 868.955357ms
[debug]   Load.apply: structureIndex took 193.296533ms
[debug]   Load.apply: mkStreams took 3.758138ms
[info] loading global plugins from /Users/duyhoang/.sbt/1.0/plugins
[debug] Running task... Cancel: Signal, check cycles: false, forcegc: true
[debug] Load.defaultLoad until apply took 19775.966381ms
[debug]           Load.loadUnit: plugins took 37.610039ms
[debug]           Load.loadUnit: defsScala took 0.006516ms
[debug] [Loading] Scanning directory /Users/duyhoang/Desktop/taglessTesting/project
[debug] [Loading] Found non-root projects 
[debug] [Loading] Done in /Users/duyhoang/Desktop/taglessTesting/project, returning: ()
[debug] deducing auto plugins based on known facts Set(Atom(sbt.plugins.CorePlugin)) and clauses Clauses(Clause(Atom(sbt.plugins.JvmPlugin),Set(Atom(sbt.plugins.IvyPlugin)))
[debug] Clause(Atom(sbt.ScriptedPlugin),Set(Atom(sbt.plugins.JvmPlugin)))
[debug] Clause(Atom(sbt.plugins.SbtPlugin),Set(Atom(sbt.ScriptedPlugin)))
[debug] Clause(Atom(sbt.plugins.SemanticdbPlugin),Set(Atom(sbt.plugins.JvmPlugin)))
[debug] Clause(Atom(sbt.plugins.JUnitXmlReportPlugin),Set(Atom(sbt.plugins.JvmPlugin)))
[debug] Clause(Atom(sbt.plugins.MiniDependencyTreePlugin),Set(Atom(sbt.plugins.JvmPlugin)))
[debug] Clause(Atom(sbt.plugins.CorePlugin),Set(Atom(sbt.plugins.IvyPlugin)))
[debug] Clause(Atom(sbt.plugins.IvyPlugin),Set(Atom(sbt.plugins.JvmPlugin)))
[debug] Clause(Atom(sbt.plugins.JvmPlugin),Set(Atom(sbt.plugins.SemanticdbPlugin)))
[debug] Clause(Atom(sbt.plugins.JvmPlugin),Set(Atom(sbt.plugins.JUnitXmlReportPlugin)))
[debug] Clause(Atom(sbt.plugins.CorePlugin),Set(Atom(sbt.plugins.Giter8TemplatePlugin)))
[debug] Clause(Atom(sbt.plugins.JvmPlugin),Set(Atom(sbt.plugins.MiniDependencyTreePlugin))))
[debug]   :: deduced result: Matched(sbt.plugins.CorePlugin,sbt.plugins.Giter8TemplatePlugin,sbt.plugins.IvyPlugin,sbt.plugins.JvmPlugin,sbt.plugins.MiniDependencyTreePlugin,sbt.plugins.JUnitXmlReportPlugin,sbt.plugins.SemanticdbPlugin)
[debug] Plugins.deducer#function took 4.001769 ms
[debug]               Load.resolveProject(taglesstesting-build) took 2.668548ms
[debug]             Load.loadTransitive: finalizeProject(Project(id taglesstesting-build, base: /Users/duyhoang/Desktop/taglessTesting/project, plugins: List(<none>))) took 7.615687ms
[debug] [Loading] Done in /Users/duyhoang/Desktop/taglessTesting/project, returning: (taglesstesting-build)
[debug]           Load.loadUnit: loadedProjectsRaw took 10.759968ms
[debug]           Load.loadUnit: cleanEvalClasses took 0.02279ms
[debug]         Load.loadUnit(file:/Users/duyhoang/Desktop/taglessTesting/project/, ...) took 50.053198ms
[debug]       Load.apply: load took 52.160215ms
[debug]       Load.apply: resolveProjects took 0.178565ms
[debug]       Load.apply: finalTransforms took 20.12242ms
[debug]       Load.apply: config.delegates took 0.506865ms
[debug]       Load.apply: Def.make(settings)... took 172.726753ms
[debug]       Load.apply: structureIndex took 68.63913ms
[debug]       Load.apply: mkStreams took 0.002956ms
[info] loading project definition from /Users/duyhoang/Desktop/taglessTesting/project
[debug] Running task... Cancel: Signal, check cycles: false, forcegc: true
[debug]     Load.loadUnit: plugins took 1107.645241ms
[debug]     Load.loadUnit: defsScala took 0.00854ms
[debug] [Loading] Scanning directory /Users/duyhoang/Desktop/taglessTesting
[debug]       Load.loadUnit: mkEval took 17.336555ms
[debug] [Loading] Found root project root w/ remaining 
[debug] deducing auto plugins based on known facts Set(Atom(sbt.plugins.CorePlugin)) and clauses Clauses(Clause(Atom(sbt.plugins.JvmPlugin),Set(Atom(sbt.plugins.IvyPlugin)))
[debug] Clause(Atom(sbt.ScriptedPlugin),Set(Atom(sbt.plugins.JvmPlugin)))
[debug] Clause(Atom(sbt.plugins.SbtPlugin),Set(Atom(sbt.ScriptedPlugin)))
[debug] Clause(Atom(sbt.plugins.SemanticdbPlugin),Set(Atom(sbt.plugins.JvmPlugin)))
[debug] Clause(Atom(sbt.plugins.JUnitXmlReportPlugin),Set(Atom(sbt.plugins.JvmPlugin)))
[debug] Clause(Atom(sbt.plugins.MiniDependencyTreePlugin),Set(Atom(sbt.plugins.JvmPlugin)))
[debug] Clause(Atom(sbt.plugins.CorePlugin),Set(Atom(sbt.plugins.IvyPlugin)))
[debug] Clause(Atom(sbt.plugins.IvyPlugin),Set(Atom(sbt.plugins.JvmPlugin)))
[debug] Clause(Atom(sbt.plugins.JvmPlugin),Set(Atom(sbt.plugins.SemanticdbPlugin)))
[debug] Clause(Atom(sbt.plugins.JvmPlugin),Set(Atom(sbt.plugins.JUnitXmlReportPlugin)))
[debug] Clause(Atom(sbt.plugins.CorePlugin),Set(Atom(sbt.plugins.Giter8TemplatePlugin)))
[debug] Clause(Atom(sbt.plugins.JvmPlugin),Set(Atom(sbt.plugins.MiniDependencyTreePlugin))))
[debug]   :: deduced result: Matched(sbt.plugins.CorePlugin,sbt.plugins.Giter8TemplatePlugin,sbt.plugins.IvyPlugin,sbt.plugins.JvmPlugin,sbt.plugins.MiniDependencyTreePlugin,sbt.plugins.JUnitXmlReportPlugin,sbt.plugins.SemanticdbPlugin)
[debug] Plugins.deducer#function took 2.958222 ms
[info] loading settings for project root from build.sbt ...
[debug]         Load.resolveProject(root) took 4.216428ms
[debug]       Load.loadTransitive: finalizeProject(Project(id root, base: /Users/duyhoang/Desktop/taglessTesting, plugins: List(<none>))) took 8.751575ms
[debug] [Loading] Done in /Users/duyhoang/Desktop/taglessTesting, returning: (root)
[debug]     Load.loadUnit: loadedProjectsRaw took 6649.79659ms
[debug]     Load.loadUnit: cleanEvalClasses took 18.32615ms
[debug]   Load.loadUnit(file:/Users/duyhoang/Desktop/taglessTesting/, ...) took 7777.601766ms
[debug] Load.apply: load took 7779.610463ms
[debug] Load.apply: resolveProjects took 1.080807ms
[debug] Load.apply: finalTransforms took 21.432326ms
[debug] Load.apply: config.delegates took 0.488397ms
[debug] Load.apply: Def.make(settings)... took 174.058992ms
[debug] Load.apply: structureIndex took 44.942833ms
[debug] Load.apply: mkStreams took 0.003541ms
[info] set current project to taglessTesting (in build file:/Users/duyhoang/Desktop/taglessTesting/)
[debug] > Exec(sbtPopOnFailure, None, None)
[debug] > Exec(resumeFromFailure, None, None)
[debug] > Exec(notifyUsersAboutShell, None, None)
[debug] > Exec(iflast shell, None, None)
[debug] > Exec(shell, None, None)
[info] sbt server started at local:///Users/duyhoang/.sbt/1.0/server/71258aac60cbf1f15e50/sock
[debug] Writing bsp connection file
[info] started sbt server
