[debug] > Exec(early(addDefaultCommands), None, None)
[debug] > Exec(addDefaultCommands, None, None)
[debug] > Exec(early(initialize), None, None)
[debug] > Exec(initialize, None, None)
[debug] > Exec(boot, None, None)
[debug] > Exec(writeSbtVersion, None, None)
[debug] > Exec(reload, None, None)
[debug] > Exec(sbtStashOnFailure, None, None)
[debug] > Exec(onFailure loadFailed, None, None)
[debug] > Exec(loadp, None, None)
[info] welcome to sbt 1.6.2 (AdoptOpenJDK Java 1.8.0_292)
[debug]       Load.loadUnit: plugins took 223.800692ms
[debug]       Load.loadUnit: defsScala took 0.513776ms
[debug] [Loading] Scanning directory /Users/duyhoang/.sbt/1.0/plugins
[debug] [Loading] Found non-root projects 
[debug] [Loading] Done in /Users/duyhoang/.sbt/1.0/plugins, returning: ()
[debug] deducing auto plugins based on known facts Set(Atom(sbt.plugins.CorePlugin)) and clauses Clauses(Clause(Atom(sbt.plugins.JvmPlugin),Set(Atom(sbt.plugins.IvyPlugin)))
[debug] Clause(Atom(sbt.ScriptedPlugin),Set(Atom(sbt.plugins.JvmPlugin)))
[debug] Clause(Atom(sbt.plugins.SbtPlugin),Set(Atom(sbt.ScriptedPlugin)))
[debug] Clause(Atom(sbt.plugins.SemanticdbPlugin),Set(Atom(sbt.plugins.JvmPlugin)))
[debug] Clause(Atom(sbt.plugins.JUnitXmlReportPlugin),Set(Atom(sbt.plugins.JvmPlugin)))
[debug] Clause(Atom(sbt.plugins.MiniDependencyTreePlugin),Set(Atom(sbt.plugins.JvmPlugin)))
[debug] Clause(Atom(sbt.plugins.CorePlugin),Set(Atom(sbt.plugins.IvyPlugin)))
[debug] Clause(Atom(sbt.plugins.IvyPlugin),Set(Atom(sbt.plugins.JvmPlugin)))
[debug] Clause(Atom(sbt.plugins.JvmPlugin),Set(Atom(sbt.plugins.SemanticdbPlugin)))
[debug] Clause(Atom(sbt.plugins.JvmPlugin),Set(Atom(sbt.plugins.JUnitXmlReportPlugin)))
[debug] Clause(Atom(sbt.plugins.CorePlugin),Set(Atom(sbt.plugins.Giter8TemplatePlugin)))
[debug] Clause(Atom(sbt.plugins.JvmPlugin),Set(Atom(sbt.plugins.MiniDependencyTreePlugin))))
[debug]   :: deduced result: Matched(sbt.plugins.CorePlugin,sbt.plugins.Giter8TemplatePlugin,sbt.plugins.IvyPlugin,sbt.plugins.JvmPlugin,sbt.plugins.MiniDependencyTreePlugin,sbt.plugins.JUnitXmlReportPlugin,sbt.plugins.SemanticdbPlugin)
[debug] Plugins.deducer#function took 46.423058 ms
[debug]           Load.resolveProject(global-plugins) took 170.761525ms
[debug]         Load.loadTransitive: finalizeProject(Project(id global-plugins, base: /Users/duyhoang/.sbt/1.0/plugins, plugins: List(<none>))) took 455.455882ms
[debug] [Loading] Done in /Users/duyhoang/.sbt/1.0/plugins, returning: (global-plugins)
[debug]       Load.loadUnit: loadedProjectsRaw took 505.71548ms
[debug]       Load.loadUnit: cleanEvalClasses took 5.060489ms
[debug]     Load.loadUnit(file:/Users/duyhoang/.sbt/1.0/plugins/, ...) took 756.190452ms
[debug]   Load.apply: load took 6413.890021ms
[debug]   Load.apply: resolveProjects took 14.755398ms
[debug]   Load.apply: finalTransforms took 132.975726ms
[debug]   Load.apply: config.delegates took 13.754131ms
[debug]   Load.apply: Def.make(settings)... took 1042.034038ms
[debug]   Load.apply: structureIndex took 322.197939ms
[debug]   Load.apply: mkStreams took 3.704652ms
[info] loading global plugins from /Users/duyhoang/.sbt/1.0/plugins
[debug] Running task... Cancel: Signal, check cycles: false, forcegc: true
[debug] Load.defaultLoad until apply took 19306.66542ms
[debug]           Load.loadUnit: plugins took 49.067221ms
[debug]           Load.loadUnit: defsScala took 0.020533ms
[debug] [Loading] Scanning directory /Users/duyhoang/Desktop/taglessTesting/project
[debug] [Loading] Found non-root projects 
[debug] [Loading] Done in /Users/duyhoang/Desktop/taglessTesting/project, returning: ()
[debug] deducing auto plugins based on known facts Set(Atom(sbt.plugins.CorePlugin)) and clauses Clauses(Clause(Atom(sbt.plugins.JvmPlugin),Set(Atom(sbt.plugins.IvyPlugin)))
[debug] Clause(Atom(sbt.ScriptedPlugin),Set(Atom(sbt.plugins.JvmPlugin)))
[debug] Clause(Atom(sbt.plugins.SbtPlugin),Set(Atom(sbt.ScriptedPlugin)))
[debug] Clause(Atom(sbt.plugins.SemanticdbPlugin),Set(Atom(sbt.plugins.JvmPlugin)))
[debug] Clause(Atom(sbt.plugins.JUnitXmlReportPlugin),Set(Atom(sbt.plugins.JvmPlugin)))
[debug] Clause(Atom(sbt.plugins.MiniDependencyTreePlugin),Set(Atom(sbt.plugins.JvmPlugin)))
[debug] Clause(Atom(sbt.plugins.CorePlugin),Set(Atom(sbt.plugins.IvyPlugin)))
[debug] Clause(Atom(sbt.plugins.IvyPlugin),Set(Atom(sbt.plugins.JvmPlugin)))
[debug] Clause(Atom(sbt.plugins.JvmPlugin),Set(Atom(sbt.plugins.SemanticdbPlugin)))
[debug] Clause(Atom(sbt.plugins.JvmPlugin),Set(Atom(sbt.plugins.JUnitXmlReportPlugin)))
[debug] Clause(Atom(sbt.plugins.CorePlugin),Set(Atom(sbt.plugins.Giter8TemplatePlugin)))
[debug] Clause(Atom(sbt.plugins.JvmPlugin),Set(Atom(sbt.plugins.MiniDependencyTreePlugin))))
[debug]   :: deduced result: Matched(sbt.plugins.CorePlugin,sbt.plugins.Giter8TemplatePlugin,sbt.plugins.IvyPlugin,sbt.plugins.JvmPlugin,sbt.plugins.MiniDependencyTreePlugin,sbt.plugins.JUnitXmlReportPlugin,sbt.plugins.SemanticdbPlugin)
[debug] Plugins.deducer#function took 8.363068 ms
[debug]               Load.resolveProject(taglesstesting-build) took 11.344667ms
[debug]             Load.loadTransitive: finalizeProject(Project(id taglesstesting-build, base: /Users/duyhoang/Desktop/taglessTesting/project, plugins: List(<none>))) took 21.288234ms
[debug] [Loading] Done in /Users/duyhoang/Desktop/taglessTesting/project, returning: (taglesstesting-build)
[debug]           Load.loadUnit: loadedProjectsRaw took 26.127175ms
[debug]           Load.loadUnit: cleanEvalClasses took 0.017319ms
[debug]         Load.loadUnit(file:/Users/duyhoang/Desktop/taglessTesting/project/, ...) took 76.58802ms
[debug]       Load.apply: load took 79.974788ms
[debug]       Load.apply: resolveProjects took 0.370755ms
[debug]       Load.apply: finalTransforms took 23.336128ms
[debug]       Load.apply: config.delegates took 0.549594ms
[debug]       Load.apply: Def.make(settings)... took 272.884901ms
[debug]       Load.apply: structureIndex took 72.82495ms
[debug]       Load.apply: mkStreams took 0.004224ms
[info] loading project definition from /Users/duyhoang/Desktop/taglessTesting/project
[debug] Running task... Cancel: Signal, check cycles: false, forcegc: true
[debug]     Load.loadUnit: plugins took 1040.413974ms
[debug]     Load.loadUnit: defsScala took 0.010918ms
[debug] [Loading] Scanning directory /Users/duyhoang/Desktop/taglessTesting
[debug]       Load.loadUnit: mkEval took 32.022849ms
[debug] [Loading] Found root project root w/ remaining 
[debug] deducing auto plugins based on known facts Set(Atom(sbt.plugins.CorePlugin)) and clauses Clauses(Clause(Atom(sbt.plugins.JvmPlugin),Set(Atom(sbt.plugins.IvyPlugin)))
[debug] Clause(Atom(sbt.ScriptedPlugin),Set(Atom(sbt.plugins.JvmPlugin)))
[debug] Clause(Atom(sbt.plugins.SbtPlugin),Set(Atom(sbt.ScriptedPlugin)))
[debug] Clause(Atom(sbt.plugins.SemanticdbPlugin),Set(Atom(sbt.plugins.JvmPlugin)))
[debug] Clause(Atom(sbt.plugins.JUnitXmlReportPlugin),Set(Atom(sbt.plugins.JvmPlugin)))
[debug] Clause(Atom(sbt.plugins.MiniDependencyTreePlugin),Set(Atom(sbt.plugins.JvmPlugin)))
[debug] Clause(Atom(sbt.plugins.CorePlugin),Set(Atom(sbt.plugins.IvyPlugin)))
[debug] Clause(Atom(sbt.plugins.IvyPlugin),Set(Atom(sbt.plugins.JvmPlugin)))
[debug] Clause(Atom(sbt.plugins.JvmPlugin),Set(Atom(sbt.plugins.SemanticdbPlugin)))
[debug] Clause(Atom(sbt.plugins.JvmPlugin),Set(Atom(sbt.plugins.JUnitXmlReportPlugin)))
[debug] Clause(Atom(sbt.plugins.CorePlugin),Set(Atom(sbt.plugins.Giter8TemplatePlugin)))
[debug] Clause(Atom(sbt.plugins.JvmPlugin),Set(Atom(sbt.plugins.MiniDependencyTreePlugin))))
[debug]   :: deduced result: Matched(sbt.plugins.CorePlugin,sbt.plugins.Giter8TemplatePlugin,sbt.plugins.IvyPlugin,sbt.plugins.JvmPlugin,sbt.plugins.MiniDependencyTreePlugin,sbt.plugins.JUnitXmlReportPlugin,sbt.plugins.SemanticdbPlugin)
[debug] Plugins.deducer#function took 6.678093 ms
[info] loading settings for project root from build.sbt ...
[debug]         Load.resolveProject(root) took 9.078802ms
[debug]       Load.loadTransitive: finalizeProject(Project(id root, base: /Users/duyhoang/Desktop/taglessTesting, plugins: List(<none>))) took 20.010261ms
[debug] [Loading] Done in /Users/duyhoang/Desktop/taglessTesting, returning: (root)
[debug]     Load.loadUnit: loadedProjectsRaw took 7154.704974ms
[debug]     Load.loadUnit: cleanEvalClasses took 20.412325ms
[debug]   Load.loadUnit(file:/Users/duyhoang/Desktop/taglessTesting/, ...) took 8217.661827ms
[debug] Load.apply: load took 8221.658162ms
[debug] Load.apply: resolveProjects took 0.17932ms
[debug] Load.apply: finalTransforms took 17.086113ms
[debug] Load.apply: config.delegates took 0.62355ms
[debug] Load.apply: Def.make(settings)... took 130.570749ms
[debug] Load.apply: structureIndex took 47.026712ms
[debug] Load.apply: mkStreams took 0.003583ms
[info] set current project to taglessTesting (in build file:/Users/duyhoang/Desktop/taglessTesting/)
[debug] > Exec(sbtPopOnFailure, None, None)
[debug] > Exec(resumeFromFailure, None, None)
[debug] > Exec(notifyUsersAboutShell, None, None)
[debug] > Exec(iflast shell, None, None)
[debug] > Exec(shell, None, None)
[info] sbt server started at local:///Users/duyhoang/.sbt/1.0/server/71258aac60cbf1f15e50/sock
[debug] Writing bsp connection file
[info] started sbt server
