[debug] > Exec(early(addDefaultCommands), None, None)
[debug] > Exec(addDefaultCommands, None, None)
[debug] > Exec(early(initialize), None, None)
[debug] > Exec(initialize, None, None)
[debug] > Exec(boot, None, None)
[debug] > Exec(writeSbtVersion, None, None)
[debug] > Exec(reload, None, None)
[debug] > Exec(sbtStashOnFailure, None, None)
[debug] > Exec(onFailure loadFailed, None, None)
[debug] > Exec(loadp, None, None)
[info] welcome to sbt 1.6.2 (AdoptOpenJDK Java 1.8.0_292)
[debug]       Load.loadUnit: plugins took 282.465252ms
[debug]       Load.loadUnit: defsScala took 1.867578ms
[debug] [Loading] Scanning directory /Users/duyhoang/.sbt/1.0/plugins
[debug] [Loading] Found non-root projects 
[debug] [Loading] Done in /Users/duyhoang/.sbt/1.0/plugins, returning: ()
[debug] deducing auto plugins based on known facts Set(Atom(sbt.plugins.CorePlugin)) and clauses Clauses(Clause(Atom(sbt.plugins.JvmPlugin),Set(Atom(sbt.plugins.IvyPlugin)))
[debug] Clause(Atom(sbt.ScriptedPlugin),Set(Atom(sbt.plugins.JvmPlugin)))
[debug] Clause(Atom(sbt.plugins.SbtPlugin),Set(Atom(sbt.ScriptedPlugin)))
[debug] Clause(Atom(sbt.plugins.SemanticdbPlugin),Set(Atom(sbt.plugins.JvmPlugin)))
[debug] Clause(Atom(sbt.plugins.JUnitXmlReportPlugin),Set(Atom(sbt.plugins.JvmPlugin)))
[debug] Clause(Atom(sbt.plugins.MiniDependencyTreePlugin),Set(Atom(sbt.plugins.JvmPlugin)))
[debug] Clause(Atom(sbt.plugins.CorePlugin),Set(Atom(sbt.plugins.IvyPlugin)))
[debug] Clause(Atom(sbt.plugins.IvyPlugin),Set(Atom(sbt.plugins.JvmPlugin)))
[debug] Clause(Atom(sbt.plugins.JvmPlugin),Set(Atom(sbt.plugins.SemanticdbPlugin)))
[debug] Clause(Atom(sbt.plugins.JvmPlugin),Set(Atom(sbt.plugins.JUnitXmlReportPlugin)))
[debug] Clause(Atom(sbt.plugins.CorePlugin),Set(Atom(sbt.plugins.Giter8TemplatePlugin)))
[debug] Clause(Atom(sbt.plugins.JvmPlugin),Set(Atom(sbt.plugins.MiniDependencyTreePlugin))))
[debug]   :: deduced result: Matched(sbt.plugins.CorePlugin,sbt.plugins.Giter8TemplatePlugin,sbt.plugins.IvyPlugin,sbt.plugins.JvmPlugin,sbt.plugins.MiniDependencyTreePlugin,sbt.plugins.JUnitXmlReportPlugin,sbt.plugins.SemanticdbPlugin)
[debug] Plugins.deducer#function took 39.06191 ms
[debug]           Load.resolveProject(global-plugins) took 173.61857ms
[debug]         Load.loadTransitive: finalizeProject(Project(id global-plugins, base: /Users/duyhoang/.sbt/1.0/plugins, plugins: List(<none>))) took 455.572553ms
[debug] [Loading] Done in /Users/duyhoang/.sbt/1.0/plugins, returning: (global-plugins)
[debug]       Load.loadUnit: loadedProjectsRaw took 536.036096ms
[debug]       Load.loadUnit: cleanEvalClasses took 0.817639ms
[debug]     Load.loadUnit(file:/Users/duyhoang/.sbt/1.0/plugins/, ...) took 848.747104ms
[debug]   Load.apply: load took 6666.135081ms
[debug]   Load.apply: resolveProjects took 11.012362ms
[debug]   Load.apply: finalTransforms took 144.077748ms
[debug]   Load.apply: config.delegates took 14.635926ms
[debug]   Load.apply: Def.make(settings)... took 974.695459ms
[debug]   Load.apply: structureIndex took 268.659828ms
[debug]   Load.apply: mkStreams took 5.102576ms
[info] loading global plugins from /Users/duyhoang/.sbt/1.0/plugins
[debug] Running task... Cancel: Signal, check cycles: false, forcegc: true
[debug] Load.defaultLoad until apply took 17940.304815ms
[debug]           Load.loadUnit: plugins took 64.207257ms
[debug]           Load.loadUnit: defsScala took 0.006542ms
[debug] [Loading] Scanning directory /Users/duyhoang/Desktop/taglessTesting/project
[debug] [Loading] Found non-root projects 
[debug] [Loading] Done in /Users/duyhoang/Desktop/taglessTesting/project, returning: ()
[debug] deducing auto plugins based on known facts Set(Atom(sbt.plugins.CorePlugin)) and clauses Clauses(Clause(Atom(sbt.plugins.JvmPlugin),Set(Atom(sbt.plugins.IvyPlugin)))
[debug] Clause(Atom(sbt.ScriptedPlugin),Set(Atom(sbt.plugins.JvmPlugin)))
[debug] Clause(Atom(sbt.plugins.SbtPlugin),Set(Atom(sbt.ScriptedPlugin)))
[debug] Clause(Atom(sbt.plugins.SemanticdbPlugin),Set(Atom(sbt.plugins.JvmPlugin)))
[debug] Clause(Atom(sbt.plugins.JUnitXmlReportPlugin),Set(Atom(sbt.plugins.JvmPlugin)))
[debug] Clause(Atom(sbt.plugins.MiniDependencyTreePlugin),Set(Atom(sbt.plugins.JvmPlugin)))
[debug] Clause(Atom(sbt.plugins.CorePlugin),Set(Atom(sbt.plugins.IvyPlugin)))
[debug] Clause(Atom(sbt.plugins.IvyPlugin),Set(Atom(sbt.plugins.JvmPlugin)))
[debug] Clause(Atom(sbt.plugins.JvmPlugin),Set(Atom(sbt.plugins.SemanticdbPlugin)))
[debug] Clause(Atom(sbt.plugins.JvmPlugin),Set(Atom(sbt.plugins.JUnitXmlReportPlugin)))
[debug] Clause(Atom(sbt.plugins.CorePlugin),Set(Atom(sbt.plugins.Giter8TemplatePlugin)))
[debug] Clause(Atom(sbt.plugins.JvmPlugin),Set(Atom(sbt.plugins.MiniDependencyTreePlugin))))
[debug]   :: deduced result: Matched(sbt.plugins.CorePlugin,sbt.plugins.Giter8TemplatePlugin,sbt.plugins.IvyPlugin,sbt.plugins.JvmPlugin,sbt.plugins.MiniDependencyTreePlugin,sbt.plugins.JUnitXmlReportPlugin,sbt.plugins.SemanticdbPlugin)
[debug] Plugins.deducer#function took 6.395444 ms
[debug]               Load.resolveProject(taglesstesting-build) took 2.767195ms
[debug]             Load.loadTransitive: finalizeProject(Project(id taglesstesting-build, base: /Users/duyhoang/Desktop/taglessTesting/project, plugins: List(<none>))) took 11.149705ms
[debug] [Loading] Done in /Users/duyhoang/Desktop/taglessTesting/project, returning: (taglesstesting-build)
[debug]           Load.loadUnit: loadedProjectsRaw took 31.775336ms
[debug]           Load.loadUnit: cleanEvalClasses took 0.016064ms
[debug]         Load.loadUnit(file:/Users/duyhoang/Desktop/taglessTesting/project/, ...) took 97.539851ms
[debug]       Load.apply: load took 101.483634ms
[debug]       Load.apply: resolveProjects took 1.433971ms
[debug]       Load.apply: finalTransforms took 32.303303ms
[debug]       Load.apply: config.delegates took 0.958214ms
[debug]       Load.apply: Def.make(settings)... took 265.938813ms
[debug]       Load.apply: structureIndex took 68.18375ms
[debug]       Load.apply: mkStreams took 0.003578ms
[info] loading project definition from /Users/duyhoang/Desktop/taglessTesting/project
[debug] Running task... Cancel: Signal, check cycles: false, forcegc: true
[debug]     Load.loadUnit: plugins took 1178.375461ms
[debug]     Load.loadUnit: defsScala took 0.005143ms
[debug] [Loading] Scanning directory /Users/duyhoang/Desktop/taglessTesting
[debug]       Load.loadUnit: mkEval took 21.414142ms
[debug] [Loading] Found root project root w/ remaining 
[debug] deducing auto plugins based on known facts Set(Atom(sbt.plugins.CorePlugin)) and clauses Clauses(Clause(Atom(sbt.plugins.JvmPlugin),Set(Atom(sbt.plugins.IvyPlugin)))
[debug] Clause(Atom(sbt.ScriptedPlugin),Set(Atom(sbt.plugins.JvmPlugin)))
[debug] Clause(Atom(sbt.plugins.SbtPlugin),Set(Atom(sbt.ScriptedPlugin)))
[debug] Clause(Atom(sbt.plugins.SemanticdbPlugin),Set(Atom(sbt.plugins.JvmPlugin)))
[debug] Clause(Atom(sbt.plugins.JUnitXmlReportPlugin),Set(Atom(sbt.plugins.JvmPlugin)))
[debug] Clause(Atom(sbt.plugins.MiniDependencyTreePlugin),Set(Atom(sbt.plugins.JvmPlugin)))
[debug] Clause(Atom(sbt.plugins.CorePlugin),Set(Atom(sbt.plugins.IvyPlugin)))
[debug] Clause(Atom(sbt.plugins.IvyPlugin),Set(Atom(sbt.plugins.JvmPlugin)))
[debug] Clause(Atom(sbt.plugins.JvmPlugin),Set(Atom(sbt.plugins.SemanticdbPlugin)))
[debug] Clause(Atom(sbt.plugins.JvmPlugin),Set(Atom(sbt.plugins.JUnitXmlReportPlugin)))
[debug] Clause(Atom(sbt.plugins.CorePlugin),Set(Atom(sbt.plugins.Giter8TemplatePlugin)))
[debug] Clause(Atom(sbt.plugins.JvmPlugin),Set(Atom(sbt.plugins.MiniDependencyTreePlugin))))
[debug]   :: deduced result: Matched(sbt.plugins.CorePlugin,sbt.plugins.Giter8TemplatePlugin,sbt.plugins.IvyPlugin,sbt.plugins.JvmPlugin,sbt.plugins.MiniDependencyTreePlugin,sbt.plugins.JUnitXmlReportPlugin,sbt.plugins.SemanticdbPlugin)
[debug] Plugins.deducer#function took 3.710156 ms
[info] loading settings for project root from build.sbt ...
[debug]         Load.resolveProject(root) took 7.138358ms
[debug]       Load.loadTransitive: finalizeProject(Project(id root, base: /Users/duyhoang/Desktop/taglessTesting, plugins: List(<none>))) took 12.921128ms
[debug] [Loading] Done in /Users/duyhoang/Desktop/taglessTesting, returning: (root)
[debug]     Load.loadUnit: loadedProjectsRaw took 552.244256ms
[debug]     Load.loadUnit: cleanEvalClasses took 11.325219ms
[debug]   Load.loadUnit(file:/Users/duyhoang/Desktop/taglessTesting/, ...) took 1743.133745ms
[debug] Load.apply: load took 1745.353882ms
[debug] Load.apply: resolveProjects took 0.210495ms
[debug] Load.apply: finalTransforms took 16.584815ms
[debug] Load.apply: config.delegates took 0.501198ms
[debug] Load.apply: Def.make(settings)... took 260.683084ms
[debug] Load.apply: structureIndex took 36.20844ms
[debug] Load.apply: mkStreams took 0.003812ms
[info] set current project to taglessTesting (in build file:/Users/duyhoang/Desktop/taglessTesting/)
[debug] > Exec(sbtPopOnFailure, None, None)
[debug] > Exec(resumeFromFailure, None, None)
[debug] > Exec(notifyUsersAboutShell, None, None)
[debug] > Exec(iflast shell, None, None)
[debug] > Exec(shell, None, None)
[info] sbt server started at local:///Users/duyhoang/.sbt/1.0/server/71258aac60cbf1f15e50/sock
[debug] Writing bsp connection file
[info] started sbt server
